Using pre-set license
Built from '2021.3/staging' branch; Version is '2021.3.21f1 (1b156197d683) revision 1774945'; Using compiler version '192829333'; Build Type 'Release'
OS: 'Windows 11  (10.0.22621) 64bit Core' Language: 'en' Physical Memory: 7503 MB
BatchMode: 1, IsHumanControllingUs: 0, StartBugReporterOnCrash: 0, Is64bit: 1, IsPro: 1

COMMAND LINE ARGUMENTS:
C:\Program Files\Unity\Hub\Editor\2021.3.21f1-x86_64\Editor\Unity.exe
-adb2
-batchMode
-noUpm
-name
AssetImportWorker2
-projectPath
C:/Users/kevin/Downloads/RPG_Game
-logFile
Logs/AssetImportWorker2.log
-srvPort
65486
Successfully changed project path to: C:/Users/kevin/Downloads/RPG_Game
C:/Users/kevin/Downloads/RPG_Game
[UnityMemory] Configuration Parameters - Can be set up in boot.config
    "memorysetup-bucket-allocator-granularity=16"
    "memorysetup-bucket-allocator-bucket-count=8"
    "memorysetup-bucket-allocator-block-size=33554432"
    "memorysetup-bucket-allocator-block-count=8"
    "memorysetup-main-allocator-block-size=16777216"
    "memorysetup-thread-allocator-block-size=16777216"
    "memorysetup-gfx-main-allocator-block-size=16777216"
    "memorysetup-gfx-thread-allocator-block-size=16777216"
    "memorysetup-cache-allocator-block-size=4194304"
    "memorysetup-typetree-allocator-block-size=2097152"
    "memorysetup-profiler-bucket-allocator-granularity=16"
    "memorysetup-profiler-bucket-allocator-bucket-count=8"
    "memorysetup-profiler-bucket-allocator-block-size=33554432"
    "memorysetup-profiler-bucket-allocator-block-count=8"
    "memorysetup-profiler-allocator-block-size=16777216"
    "memorysetup-profiler-editor-allocator-block-size=1048576"
    "memorysetup-temp-allocator-size-main=16777216"
    "memorysetup-job-temp-allocator-block-size=2097152"
    "memorysetup-job-temp-allocator-block-size-background=1048576"
    "memorysetup-job-temp-allocator-reduction-small-platforms=262144"
    "memorysetup-temp-allocator-size-background-worker=32768"
    "memorysetup-temp-allocator-size-job-worker=262144"
    "memorysetup-temp-allocator-size-preload-manager=33554432"
    "memorysetup-temp-allocator-size-nav-mesh-worker=65536"
    "memorysetup-temp-allocator-size-audio-worker=65536"
    "memorysetup-temp-allocator-size-cloud-worker=32768"
    "memorysetup-temp-allocator-size-gi-baking-worker=262144"
    "memorysetup-temp-allocator-size-gfx=262144"
Player connection [37028] Host "[IP] 192.168.0.13 [Port] 0 [Flags] 2 [Guid] 4207771506 [EditorId] 4207771506 [Version] 1048832 [Id] WindowsEditor(7,astro) [Debug] 1 [PackageName] WindowsEditor [ProjectName] Editor" joined multi-casting on [225.0.0.222:54997]...

Player connection [37028] Host "[IP] 192.168.0.13 [Port] 0 [Flags] 2 [Guid] 4207771506 [EditorId] 4207771506 [Version] 1048832 [Id] WindowsEditor(7,astro) [Debug] 1 [PackageName] WindowsEditor [ProjectName] Editor" joined alternative multi-casting on [225.0.0.222:34997]...

Refreshing native plugins compatible for Editor in 128.28 ms, found 4 plugins.
Preloading 0 native plugins for Editor in 0.00 ms.
Initialize engine version: 2021.3.21f1 (1b156197d683)
[Subsystems] Discovering subsystems at path C:/Program Files/Unity/Hub/Editor/2021.3.21f1-x86_64/Editor/Data/Resources/UnitySubsystems
[Subsystems] Discovering subsystems at path C:/Users/kevin/Downloads/RPG_Game/Assets
GfxDevice: creating device client; threaded=0; jobified=0
Direct3D:
    Version:  Direct3D 11.0 [level 11.1]
    Renderer: AMD Radeon(TM) Graphics (ID=0x164c)
    Vendor:   ATI
    VRAM:     3751 MB
    Driver:   30.0.14056.5001
Initialize mono
Mono path[0] = 'C:/Program Files/Unity/Hub/Editor/2021.3.21f1-x86_64/Editor/Data/Managed'
Mono path[1] = 'C:/Program Files/Unity/Hub/Editor/2021.3.21f1-x86_64/Editor/Data/MonoBleedingEdge/lib/mono/unityjit-win32'
Mono config path = 'C:/Program Files/Unity/Hub/Editor/2021.3.21f1-x86_64/Editor/Data/MonoBleedingEdge/etc'
Using monoOptions --debugger-agent=transport=dt_socket,embedding=1,server=y,suspend=n,address=127.0.0.1:56940
Begin MonoManager ReloadAssembly
Registering precompiled unity dll's ...
Register platform support module: C:/Program Files/Unity/Hub/Editor/2021.3.21f1-x86_64/Editor/Data/PlaybackEngines/WindowsStandaloneSupport/UnityEditor.WindowsStandalone.Extensions.dll
Registered in 0.006699 seconds.
Native extension for WindowsStandalone target not found
Refreshing native plugins compatible for Editor in 100.91 ms, found 4 plugins.
Preloading 0 native plugins for Editor in 0.00 ms.
Mono: successfully reloaded assembly
- Completed reload, in  0.765 seconds
Domain Reload Profiling:
	ReloadAssembly (766ms)
		BeginReloadAssembly (161ms)
			ExecutionOrderSort (0ms)
			DisableScriptedObjects (0ms)
			BackupInstance (0ms)
			ReleaseScriptingObjects (0ms)
			CreateAndSetChildDomain (1ms)
		EndReloadAssembly (497ms)
			LoadAssemblies (159ms)
			RebuildTransferFunctionScriptingTraits (0ms)
			SetupTypeCache (107ms)
			ReleaseScriptCaches (0ms)
			RebuildScriptCaches (31ms)
			SetupLoadedEditorAssemblies (306ms)
				LogAssemblyErrors (0ms)
				InitializePlatformSupportModulesInManaged (8ms)
				SetLoadedEditorAssemblies (0ms)
				RefreshPlugins (101ms)
				BeforeProcessingInitializeOnLoad (1ms)
				ProcessInitializeOnLoadAttributes (146ms)
				ProcessInitializeOnLoadMethodAttributes (49ms)
				AfterProcessingInitializeOnLoad (0ms)
				EditorAssembliesLoaded (0ms)
			ExecutionOrderSort2 (0ms)
			AwakeInstancesAfterBackupRestoration (0ms)
Platform modules already initialized, skipping
Registering precompiled user dll's ...
Registered in 0.026259 seconds.
Begin MonoManager ReloadAssembly
Symbol file LoadedFromMemory doesn't match image C:\Users\kevin\Downloads\RPG_Game\Library\PackageCache\com.unity.visualscripting@1.8.0\Editor\VisualScripting.Core\Dependencies\YamlDotNet\Unity.VisualScripting.YamlDotNet.dll
Symbol file LoadedFromMemory doesn't match image C:\Users\kevin\Downloads\RPG_Game\Library\PackageCache\com.unity.visualscripting@1.8.0\Editor\VisualScripting.Core\Dependencies\DotNetZip\Unity.VisualScripting.IonicZip.dll
Native extension for WindowsStandalone target not found
Refreshing native plugins compatible for Editor in 101.06 ms, found 4 plugins.
Preloading 0 native plugins for Editor in 0.00 ms.
Mono: successfully reloaded assembly
- Completed reload, in  1.420 seconds
Domain Reload Profiling:
	ReloadAssembly (1420ms)
		BeginReloadAssembly (121ms)
			ExecutionOrderSort (0ms)
			DisableScriptedObjects (5ms)
			BackupInstance (0ms)
			ReleaseScriptingObjects (0ms)
			CreateAndSetChildDomain (24ms)
		EndReloadAssembly (1187ms)
			LoadAssemblies (180ms)
			RebuildTransferFunctionScriptingTraits (0ms)
			SetupTypeCache (233ms)
			ReleaseScriptCaches (1ms)
			RebuildScriptCaches (58ms)
			SetupLoadedEditorAssemblies (679ms)
				LogAssemblyErrors (0ms)
				InitializePlatformSupportModulesInManaged (4ms)
				SetLoadedEditorAssemblies (0ms)
				RefreshPlugins (101ms)
				BeforeProcessingInitializeOnLoad (90ms)
				ProcessInitializeOnLoadAttributes (438ms)
				ProcessInitializeOnLoadMethodAttributes (39ms)
				AfterProcessingInitializeOnLoad (6ms)
				EditorAssembliesLoaded (0ms)
			ExecutionOrderSort2 (0ms)
			AwakeInstancesAfterBackupRestoration (6ms)
Platform modules already initialized, skipping
========================================================================
Worker process is ready to serve import requests
Launched and connected shader compiler UnityShaderCompiler.exe after 0.09 seconds
Refreshing native plugins compatible for Editor in 1.01 ms, found 4 plugins.
Preloading 0 native plugins for Editor in 0.00 ms.
Unloading 3805 Unused Serialized files (Serialized files now loaded: 0)
Unloading 43 unused Assets / (229.6 KB). Loaded Objects now: 4264.
Memory consumption went from 146.8 MB to 146.6 MB.
Total: 4.039000 ms (FindLiveObjects: 0.461800 ms CreateObjectMapping: 0.204200 ms MarkObjects: 3.179500 ms  DeleteObjects: 0.191600 ms)

AssetImportParameters requested are different than current active one (requested -> active):
  custom:video-decoder-ogg-theora: a1e56fd34408186e4bbccfd4996cb3dc -> 
  custom:container-muxer-webm: aa71ff27fc2769a1b78a27578f13a17b -> 
  custom:container-demuxer-webm: 4f35f7cbe854078d1ac9338744f61a02 -> 
  custom:video-encoder-webm-vp8: eb34c28f22e8b96e1ab97ce403110664 -> 
  custom:video-codec-MediaFoundation-h265: 746d11721c4dcdbdad8f713fa42b33f4 -> 
  custom:audio-encoder-webm-vorbis: bf7c407c2cedff20999df2af8eb42d56 -> 
  custom:framework-win-MediaFoundation: 216162199b28c13a410421893ffa2e32 -> 
  custom:container-demuxer-ogg: 62fdf1f143b41e24485cea50d1cbac27 -> 
  custom:video-decoder-webm-vp8: 9c59270c3fd7afecdb556c50c9e8de78 -> 
  custom:audio-decoder-ogg-vorbis: bf7c407c2cedff20999df2af8eb42d56 -> 
========================================================================
Received Import Request.
  Time since last request: 477979.173967 seconds.
  path: Assets/Battle/Resources/ScriptUnits/Cryo_Enemy.asset
  artifactKey: Guid(e59b602721f78484d8c0a5712ea18afe) Importer(815301076,1909f56bfc062723c751e8b465ee728b)
Start importing Assets/Battle/Resources/ScriptUnits/Cryo_Enemy.asset using Guid(e59b602721f78484d8c0a5712ea18afe) Importer(815301076,1909f56bfc062723c751e8b465ee728b)  -> (artifact id: 'c28604f76c06a2e97d6b0602bff962b9') in 0.048154 seconds 
========================================================================
Received Import Request.
  Time since last request: 122.759927 seconds.
  path: Assets/Battle/Resources/ScriptMoves/Cryo Shower.asset
  artifactKey: Guid(5543235b16b07a941b273ed017fc11d5) Importer(815301076,1909f56bfc062723c751e8b465ee728b)
Start importing Assets/Battle/Resources/ScriptMoves/Cryo Shower.asset using Guid(5543235b16b07a941b273ed017fc11d5) Importer(815301076,1909f56bfc062723c751e8b465ee728b)  -> (artifact id: '0ac5ab76dc303aaed639bb31a97cff1c') in 0.010711 seconds 
========================================================================
Received Import Request.
  Time since last request: 36.771904 seconds.
  path: Assets/Battle/Resources/ScriptMoves/Move.asset
  artifactKey: Guid(830701a3500e1184cb7c5b264f14f007) Importer(815301076,1909f56bfc062723c751e8b465ee728b)
Start importing Assets/Battle/Resources/ScriptMoves/Move.asset using Guid(830701a3500e1184cb7c5b264f14f007) Importer(815301076,1909f56bfc062723c751e8b465ee728b)  -> (artifact id: '5376f27d0c2bc2421313c97c90e3b572') in 0.010080 seconds 
========================================================================
Received Import Request.
  Time since last request: 53.756529 seconds.
  path: Assets/Battle/Resources/ScriptMoves/Blizzard.asset
  artifactKey: Guid(6e591e082f21673449b9ec8dabfbd315) Importer(815301076,1909f56bfc062723c751e8b465ee728b)
Start importing Assets/Battle/Resources/ScriptMoves/Blizzard.asset using Guid(6e591e082f21673449b9ec8dabfbd315) Importer(815301076,1909f56bfc062723c751e8b465ee728b)  -> (artifact id: '7fbba6b0e6b11a4eb9ef7fd246ec3e3e') in 0.010581 seconds 
========================================================================
Received Import Request.
  Time since last request: 34.457731 seconds.
  path: Assets/Battle/Resources/ScriptMoves/Snow Fall.asset
  artifactKey: Guid(b9b66fd32258eb741a5573778ab6bc2e) Importer(815301076,1909f56bfc062723c751e8b465ee728b)
Start importing Assets/Battle/Resources/ScriptMoves/Snow Fall.asset using Guid(b9b66fd32258eb741a5573778ab6bc2e) Importer(815301076,1909f56bfc062723c751e8b465ee728b)  -> (artifact id: '71a48e4857a7563e4f574e0823dc10b3') in 0.010144 seconds 
========================================================================
Received Import Request.
  Time since last request: 11.289665 seconds.
  path: Assets/Battle/Resources/ScriptMoves/Snow.asset
  artifactKey: Guid(b9b66fd32258eb741a5573778ab6bc2e) Importer(815301076,1909f56bfc062723c751e8b465ee728b)
Start importing Assets/Battle/Resources/ScriptMoves/Snow.asset using Guid(b9b66fd32258eb741a5573778ab6bc2e) Importer(815301076,1909f56bfc062723c751e8b465ee728b)  -> (artifact id: 'a26abb9d155a34985d6c30d73033c7c6') in 0.012546 seconds 
========================================================================
Received Import Request.
  Time since last request: 74.389246 seconds.
  path: Assets/Battle/Resources/ScriptMoves/Cryo Freeze.asset
  artifactKey: Guid(5543235b16b07a941b273ed017fc11d5) Importer(815301076,1909f56bfc062723c751e8b465ee728b)
Start importing Assets/Battle/Resources/ScriptMoves/Cryo Freeze.asset using Guid(5543235b16b07a941b273ed017fc11d5) Importer(815301076,1909f56bfc062723c751e8b465ee728b)  -> (artifact id: '1343bcb677a04657a56fcf09c75fd954') in 0.011189 seconds 
========================================================================
Received Import Request.
  Time since last request: 492.153773 seconds.
  path: Assets/Battle/Resources/ScriptUnits/Cryo_Enemy.asset
  artifactKey: Guid(e59b602721f78484d8c0a5712ea18afe) Importer(815301076,1909f56bfc062723c751e8b465ee728b)
Start importing Assets/Battle/Resources/ScriptUnits/Cryo_Enemy.asset using Guid(e59b602721f78484d8c0a5712ea18afe) Importer(815301076,1909f56bfc062723c751e8b465ee728b)  -> (artifact id: 'b8eb4f69da247b077ad923c1aa314d7d') in 0.040785 seconds 
========================================================================
Received Import Request.
  Time since last request: 0.000122 seconds.
  path: Assets/Battle/Resources/ScriptUnits/Pyro_Enemy.asset
  artifactKey: Guid(d40a79694e691fe49a1b0d3ff3074b03) Importer(815301076,1909f56bfc062723c751e8b465ee728b)
Start importing Assets/Battle/Resources/ScriptUnits/Pyro_Enemy.asset using Guid(d40a79694e691fe49a1b0d3ff3074b03) Importer(815301076,1909f56bfc062723c751e8b465ee728b)  -> (artifact id: 'dfc23ab4461de7c54771f8670a4592f2') in 0.009679 seconds 
========================================================================
Received Import Request.
  Time since last request: 12.805932 seconds.
  path: Assets/Battle/Resources/ScriptMoves/Blizzard.asset
  artifactKey: Guid(6e591e082f21673449b9ec8dabfbd315) Importer(815301076,1909f56bfc062723c751e8b465ee728b)
Start importing Assets/Battle/Resources/ScriptMoves/Blizzard.asset using Guid(6e591e082f21673449b9ec8dabfbd315) Importer(815301076,1909f56bfc062723c751e8b465ee728b)  -> (artifact id: '2b7646ac7aad5e7435918ad5f76fb9e7') in 0.015734 seconds 
========================================================================
Received Import Request.
  Time since last request: 0.016929 seconds.
  path: Assets/Battle/Resources/ScriptMoves/Snow.asset
  artifactKey: Guid(b9b66fd32258eb741a5573778ab6bc2e) Importer(815301076,1909f56bfc062723c751e8b465ee728b)
Start importing Assets/Battle/Resources/ScriptMoves/Snow.asset using Guid(b9b66fd32258eb741a5573778ab6bc2e) Importer(815301076,1909f56bfc062723c751e8b465ee728b)  -> (artifact id: '17a0ff803da5299dc9a165ad5a5060e5') in 0.003992 seconds 
========================================================================
Received Import Request.
  Time since last request: 0.000041 seconds.
  path: Assets/Battle/Resources/ScriptMoves/Splash.asset
  artifactKey: Guid(ab344e3fa9f8e8848a2eb68e9f470f1a) Importer(815301076,1909f56bfc062723c751e8b465ee728b)
Start importing Assets/Battle/Resources/ScriptMoves/Splash.asset using Guid(ab344e3fa9f8e8848a2eb68e9f470f1a) Importer(815301076,1909f56bfc062723c751e8b465ee728b)  -> (artifact id: '2b7693f7fa0c3700a7f19ef6c0b5de3c') in 0.004164 seconds 
========================================================================
Received Prepare
Registering precompiled user dll's ...
Registered in 0.009905 seconds.
Begin MonoManager ReloadAssembly
Symbol file LoadedFromMemory doesn't match image C:\Users\kevin\Downloads\RPG_Game\Library\PackageCache\com.unity.visualscripting@1.8.0\Editor\VisualScripting.Core\Dependencies\YamlDotNet\Unity.VisualScripting.YamlDotNet.dll
Symbol file LoadedFromMemory doesn't match image C:\Users\kevin\Downloads\RPG_Game\Library\PackageCache\com.unity.visualscripting@1.8.0\Editor\VisualScripting.Core\Dependencies\DotNetZip\Unity.VisualScripting.IonicZip.dll
Native extension for WindowsStandalone target not found
Refreshing native plugins compatible for Editor in 1.04 ms, found 4 plugins.
Preloading 0 native plugins for Editor in 0.00 ms.
Mono: successfully reloaded assembly
- Completed reload, in  2.124 seconds
Domain Reload Profiling:
	ReloadAssembly (2132ms)
		BeginReloadAssembly (1088ms)
			ExecutionOrderSort (0ms)
			DisableScriptedObjects (181ms)
			BackupInstance (0ms)
			ReleaseScriptingObjects (1ms)
			CreateAndSetChildDomain (610ms)
		EndReloadAssembly (915ms)
			LoadAssemblies (166ms)
			RebuildTransferFunctionScriptingTraits (3ms)
			SetupTypeCache (369ms)
			ReleaseScriptCaches (1ms)
			RebuildScriptCaches (52ms)
			SetupLoadedEditorAssemblies (345ms)
				LogAssemblyErrors (0ms)
				InitializePlatformSupportModulesInManaged (8ms)
				SetLoadedEditorAssemblies (1ms)
				RefreshPlugins (1ms)
				BeforeProcessingInitializeOnLoad (78ms)
				ProcessInitializeOnLoadAttributes (210ms)
				ProcessInitializeOnLoadMethodAttributes (40ms)
				AfterProcessingInitializeOnLoad (6ms)
				EditorAssembliesLoaded (0ms)
			ExecutionOrderSort2 (0ms)
			AwakeInstancesAfterBackupRestoration (10ms)
Platform modules already initialized, skipping
Refreshing native plugins compatible for Editor in 5.85 ms, found 4 plugins.
Preloading 0 native plugins for Editor in 0.00 ms.
Unloading 3787 Unused Serialized files (Serialized files now loaded: 0)
Unloading 30 unused Assets / (196.1 KB). Loaded Objects now: 4268.
Memory consumption went from 145.0 MB to 144.8 MB.
Total: 8.012500 ms (FindLiveObjects: 0.399700 ms CreateObjectMapping: 0.106300 ms MarkObjects: 6.870800 ms  DeleteObjects: 0.633800 ms)

AssetImportParameters requested are different than current active one (requested -> active):
  custom:video-decoder-ogg-theora: a1e56fd34408186e4bbccfd4996cb3dc -> 
  custom:container-muxer-webm: aa71ff27fc2769a1b78a27578f13a17b -> 
  custom:container-demuxer-webm: 4f35f7cbe854078d1ac9338744f61a02 -> 
  custom:video-encoder-webm-vp8: eb34c28f22e8b96e1ab97ce403110664 -> 
  custom:video-codec-MediaFoundation-h265: 746d11721c4dcdbdad8f713fa42b33f4 -> 
  custom:audio-encoder-webm-vorbis: bf7c407c2cedff20999df2af8eb42d56 -> 
  custom:framework-win-MediaFoundation: 216162199b28c13a410421893ffa2e32 -> 
  custom:container-demuxer-ogg: 62fdf1f143b41e24485cea50d1cbac27 -> 
  custom:video-decoder-webm-vp8: 9c59270c3fd7afecdb556c50c9e8de78 -> 
  custom:audio-decoder-ogg-vorbis: bf7c407c2cedff20999df2af8eb42d56 -> 
========================================================================
Received Prepare
Registering precompiled user dll's ...
Registered in 0.007646 seconds.
Begin MonoManager ReloadAssembly
Symbol file LoadedFromMemory doesn't match image C:\Users\kevin\Downloads\RPG_Game\Library\PackageCache\com.unity.visualscripting@1.8.0\Editor\VisualScripting.Core\Dependencies\YamlDotNet\Unity.VisualScripting.YamlDotNet.dll
Symbol file LoadedFromMemory doesn't match image C:\Users\kevin\Downloads\RPG_Game\Library\PackageCache\com.unity.visualscripting@1.8.0\Editor\VisualScripting.Core\Dependencies\DotNetZip\Unity.VisualScripting.IonicZip.dll
Native extension for WindowsStandalone target not found
Refreshing native plugins compatible for Editor in 1.10 ms, found 4 plugins.
Preloading 0 native plugins for Editor in 0.00 ms.
Mono: successfully reloaded assembly
- Completed reload, in  1.002 seconds
Domain Reload Profiling:
	ReloadAssembly (1003ms)
		BeginReloadAssembly (145ms)
			ExecutionOrderSort (0ms)
			DisableScriptedObjects (7ms)
			BackupInstance (0ms)
			ReleaseScriptingObjects (0ms)
			CreateAndSetChildDomain (40ms)
		EndReloadAssembly (757ms)
			LoadAssemblies (91ms)
			RebuildTransferFunctionScriptingTraits (0ms)
			SetupTypeCache (264ms)
			ReleaseScriptCaches (2ms)
			RebuildScriptCaches (49ms)
			SetupLoadedEditorAssemblies (304ms)
				LogAssemblyErrors (0ms)
				InitializePlatformSupportModulesInManaged (6ms)
				SetLoadedEditorAssemblies (0ms)
				RefreshPlugins (1ms)
				BeforeProcessingInitializeOnLoad (73ms)
				ProcessInitializeOnLoadAttributes (187ms)
				ProcessInitializeOnLoadMethodAttributes (29ms)
				AfterProcessingInitializeOnLoad (6ms)
				EditorAssembliesLoaded (0ms)
			ExecutionOrderSort2 (0ms)
			AwakeInstancesAfterBackupRestoration (9ms)
Platform modules already initialized, skipping
Refreshing native plugins compatible for Editor in 2.93 ms, found 4 plugins.
Preloading 0 native plugins for Editor in 0.00 ms.
Unloading 3787 Unused Serialized files (Serialized files now loaded: 0)
Unloading 30 unused Assets / (196.0 KB). Loaded Objects now: 4271.
Memory consumption went from 145.0 MB to 144.8 MB.
Total: 3.823200 ms (FindLiveObjects: 0.372300 ms CreateObjectMapping: 0.133000 ms MarkObjects: 3.131500 ms  DeleteObjects: 0.184500 ms)

AssetImportParameters requested are different than current active one (requested -> active):
  custom:video-decoder-ogg-theora: a1e56fd34408186e4bbccfd4996cb3dc -> 
  custom:container-muxer-webm: aa71ff27fc2769a1b78a27578f13a17b -> 
  custom:container-demuxer-webm: 4f35f7cbe854078d1ac9338744f61a02 -> 
  custom:video-encoder-webm-vp8: eb34c28f22e8b96e1ab97ce403110664 -> 
  custom:video-codec-MediaFoundation-h265: 746d11721c4dcdbdad8f713fa42b33f4 -> 
  custom:audio-encoder-webm-vorbis: bf7c407c2cedff20999df2af8eb42d56 -> 
  custom:framework-win-MediaFoundation: 216162199b28c13a410421893ffa2e32 -> 
  custom:container-demuxer-ogg: 62fdf1f143b41e24485cea50d1cbac27 -> 
  custom:video-decoder-webm-vp8: 9c59270c3fd7afecdb556c50c9e8de78 -> 
  custom:audio-decoder-ogg-vorbis: bf7c407c2cedff20999df2af8eb42d56 -> 
